<?xml version="1.0" encoding="UTF-8"?>
<!-- Generated by org.testng.reporters.JUnitXMLReporter -->
<testsuite ignored="0" hostname="LAPTOP-OINAE3OL" failures="0" tests="3" name="Default test" time="5.282" errors="0" timestamp="2022-12-01T21:45:22 EST">
  <testcase classname="files.DynamicJson" name="addbook" time="3.939"/>
  <testcase classname="files.DynamicJson" name="addbook" time="0.669"/>
  <testcase classname="files.DynamicJson" name="addbook" time="0.595"/>
</testsuite> <!-- Default test -->
