<?xml version="1.0" encoding="UTF-8"?>
<testng-results ignored="0" total="3" passed="3" failed="0" skipped="0">
  <reporter-output>
  </reporter-output>
  <suite started-at="2022-12-01T21:45:17 EST" name="Default suite" finished-at="2022-12-01T21:45:22 EST" duration-ms="5282">
    <groups>
    </groups>
    <test started-at="2022-12-01T21:45:17 EST" name="Default test" finished-at="2022-12-01T21:45:22 EST" duration-ms="5282">
      <class name="files.DynamicJson">
        <test-method signature="addbook(java.lang.String,java.lang.String)[pri:0, instance:files.DynamicJson@4facf68f]" started-at="2022-12-01T21:45:17 EST" name="addbook" data-provider="BooksData" finished-at="2022-12-01T21:45:21 EST" duration-ms="3939" status="PASS">
          <params>
            <param index="0">
              <value>
                <![CDATA[sweet]]>
              </value>
            </param>
            <param index="1">
              <value>
                <![CDATA[1234]]>
              </value>
            </param>
          </params>
          <reporter-output>
          </reporter-output>
        </test-method> <!-- addbook -->
        <test-method signature="addbook(java.lang.String,java.lang.String)[pri:0, instance:files.DynamicJson@4facf68f]" started-at="2022-12-01T21:45:21 EST" name="addbook" data-provider="BooksData" finished-at="2022-12-01T21:45:22 EST" duration-ms="669" status="PASS">
          <params>
            <param index="0">
              <value>
                <![CDATA[yummy]]>
              </value>
            </param>
            <param index="1">
              <value>
                <![CDATA[567]]>
              </value>
            </param>
          </params>
          <reporter-output>
          </reporter-output>
        </test-method> <!-- addbook -->
        <test-method signature="addbook(java.lang.String,java.lang.String)[pri:0, instance:files.DynamicJson@4facf68f]" started-at="2022-12-01T21:45:22 EST" name="addbook" data-provider="BooksData" finished-at="2022-12-01T21:45:22 EST" duration-ms="595" status="PASS">
          <params>
            <param index="0">
              <value>
                <![CDATA[tangy]]>
              </value>
            </param>
            <param index="1">
              <value>
                <![CDATA[8910]]>
              </value>
            </param>
          </params>
          <reporter-output>
          </reporter-output>
        </test-method> <!-- addbook -->
      </class> <!-- files.DynamicJson -->
    </test> <!-- Default test -->
  </suite> <!-- Default suite -->
</testng-results>
